<?xml version="1.0" encoding="UTF-8"?>
<!-- Generated by org.testng.reporters.JUnitReportReporter -->
<testsuite skipped="0" hostname="HP" name="myapplication1.Tshirttestpage" tests="2" failures="0" timestamp="10 Oct 2019 06:14:57 GMT" time="12.524" errors="0">
  <testcase name="verifyselecttshirts" time="12.288" classname="myapplication1.Tshirttestpage"/>
  <testcase name="verifytshirts" time="0.236" classname="myapplication1.Tshirttestpage"/>
</testsuite> <!-- myapplication1.Tshirttestpage -->
